Copyright 1986-2017 Xilinx, Inc. All Rights Reserved.
----------------------------------------------------------------------------------------------------------------------------------
| Tool Version     : Vivado v.2017.3 (win64) Build 2018833 Wed Oct  4 19:58:22 MDT 2017
| Date             : Sun Jun 17 01:01:55 2018
| Host             : DESKTOP-C10RBDL running 64-bit major release  (build 9200)
| Command          : report_power -file main_power_routed.rpt -pb main_power_summary_routed.pb -rpx main_power_routed.rpx
| Design           : main
| Device           : xc7a100tcsg324-3
| Design State     : routed
| Grade            : extended
| Process          : typical
| Characterization : Production
----------------------------------------------------------------------------------------------------------------------------------

Power Report

Table of Contents
-----------------
1. Summary
1.1 On-Chip Components
1.2 Power Supply Summary
1.3 Confidence Level
2. Settings
2.1 Environment
2.2 Clock Constraints
3. Detailed Reports
3.1 By Hierarchy

1. Summary
----------

+--------------------------+--------------+
| Total On-Chip Power (W)  | 0.181        |
| Design Power Budget (W)  | Unspecified* |
| Power Budget Margin (W)  | NA           |
| Dynamic (W)              | 0.081        |
| Device Static (W)        | 0.101        |
| Effective TJA (C/W)      | 4.6          |
| Max Ambient (C)          | 99.2         |
| Junction Temperature (C) | 25.8         |
| Confidence Level         | Medium       |
| Setting File             | ---          |
| Simulation Activity File | ---          |
| Design Nets Matched      | NA           |
+--------------------------+--------------+
* Specify Design Power Budget using, set_operating_conditions -design_power_budget <value in Watts>


1.1 On-Chip Components
----------------------

+----------------+-----------+----------+-----------+-----------------+
| On-Chip        | Power (W) | Used     | Available | Utilization (%) |
+----------------+-----------+----------+-----------+-----------------+
| Clocks         |     0.011 |        3 |       --- |             --- |
| Slice Logic    |     0.004 |     3132 |       --- |             --- |
|   LUT as Logic |     0.003 |     1345 |     63400 |            2.12 |
|   CARRY4       |    <0.001 |      126 |     15850 |            0.79 |
|   F7/F8 Muxes  |    <0.001 |      152 |     63400 |            0.24 |
|   Register     |    <0.001 |      819 |    126800 |            0.65 |
|   Others       |     0.000 |      558 |       --- |             --- |
| Signals        |     0.008 |     2758 |       --- |             --- |
| Block RAM      |     0.039 |    123.5 |       135 |           91.48 |
| I/O            |     0.019 |       38 |       210 |           18.10 |
| Static Power   |     0.101 |          |           |                 |
| Total          |     0.181 |          |           |                 |
+----------------+-----------+----------+-----------+-----------------+


1.2 Power Supply Summary
------------------------

+-----------+-------------+-----------+-------------+------------+
| Source    | Voltage (V) | Total (A) | Dynamic (A) | Static (A) |
+-----------+-------------+-----------+-------------+------------+
| Vccint    |       1.000 |     0.075 |       0.058 |      0.017 |
| Vccaux    |       1.800 |     0.019 |       0.001 |      0.018 |
| Vcco33    |       3.300 |     0.009 |       0.005 |      0.004 |
| Vcco25    |       2.500 |     0.000 |       0.000 |      0.000 |
| Vcco18    |       1.800 |     0.000 |       0.000 |      0.000 |
| Vcco15    |       1.500 |     0.000 |       0.000 |      0.000 |
| Vcco135   |       1.350 |     0.000 |       0.000 |      0.000 |
| Vcco12    |       1.200 |     0.000 |       0.000 |      0.000 |
| Vccaux_io |       1.800 |     0.000 |       0.000 |      0.000 |
| Vccbram   |       1.000 |     0.005 |       0.003 |      0.002 |
| MGTAVcc   |       1.000 |     0.000 |       0.000 |      0.000 |
| MGTAVtt   |       1.200 |     0.000 |       0.000 |      0.000 |
| Vccadc    |       1.800 |     0.020 |       0.000 |      0.020 |
+-----------+-------------+-----------+-------------+------------+


1.3 Confidence Level
--------------------

+-----------------------------+------------+-------------------------------------------------------+------------------------------------------------------------------------------------------------------------+
| User Input Data             | Confidence | Details                                               | Action                                                                                                     |
+-----------------------------+------------+-------------------------------------------------------+------------------------------------------------------------------------------------------------------------+
| Design implementation state | High       | Design is routed                                      |                                                                                                            |
| Clock nodes activity        | High       | User specified more than 95% of clocks                |                                                                                                            |
| I/O nodes activity          | Medium     | More than 5% of inputs are missing user specification | Provide missing input activity with simulation results or by editing the "By Resource Type -> I/Os" view   |
| Internal nodes activity     | Medium     | User specified less than 25% of internal nodes        | Provide missing internal nodes activity with simulation results or by editing the "By Resource Type" views |
| Device models               | High       | Device models are Production                          |                                                                                                            |
|                             |            |                                                       |                                                                                                            |
| Overall confidence level    | Medium     |                                                       |                                                                                                            |
+-----------------------------+------------+-------------------------------------------------------+------------------------------------------------------------------------------------------------------------+


2. Settings
-----------

2.1 Environment
---------------

+-----------------------+--------------------------+
| Ambient Temp (C)      | 25.0                     |
| ThetaJA (C/W)         | 4.6                      |
| Airflow (LFM)         | 250                      |
| Heat Sink             | medium (Medium Profile)  |
| ThetaSA (C/W)         | 4.6                      |
| Board Selection       | medium (10"x10")         |
| # of Board Layers     | 12to15 (12 to 15 Layers) |
| Board Temperature (C) | 25.0                     |
+-----------------------+--------------------------+


2.2 Clock Constraints
---------------------

+-------------+----------+-----------------+
| Clock       | Domain   | Constraint (ns) |
+-------------+----------+-----------------+
| sys_clk_pin | clk_100M |            10.0 |
+-------------+----------+-----------------+


3. Detailed Reports
-------------------

3.1 By Hierarchy
----------------

+----------------------------------------------+-----------+
| Name                                         | Power (W) |
+----------------------------------------------+-----------+
| main                                         |     0.081 |
|   BANDA_HH_2                                 |     0.002 |
|     U0                                       |     0.002 |
|       inst_blk_mem_gen                       |     0.002 |
|         gnbram.gnativebmg.native_blk_mem_gen |     0.002 |
|           valid.cstr                         |     0.002 |
|             bindec_a.bindec_inst_a           |    <0.001 |
|             bindec_b.bindec_inst_b           |    <0.001 |
|             has_mux_b.B                      |    <0.001 |
|             ramloop[0].ram.r                 |     0.002 |
|               prim_noinit.ram                |     0.002 |
|             ramloop[1].ram.r                 |    <0.001 |
|               prim_noinit.ram                |    <0.001 |
|             ramloop[2].ram.r                 |    <0.001 |
|               prim_noinit.ram                |    <0.001 |
|             ramloop[3].ram.r                 |    <0.001 |
|               prim_noinit.ram                |    <0.001 |
|             ramloop[4].ram.r                 |    <0.001 |
|               prim_noinit.ram                |    <0.001 |
|             ramloop[5].ram.r                 |    <0.001 |
|               prim_noinit.ram                |    <0.001 |
|             ramloop[6].ram.r                 |    <0.001 |
|               prim_noinit.ram                |    <0.001 |
|   BANDA_HH_3                                 |     0.003 |
|     U0                                       |     0.003 |
|       inst_blk_mem_gen                       |     0.003 |
|         gnbram.gnativebmg.native_blk_mem_gen |     0.003 |
|           valid.cstr                         |     0.003 |
|             bindec_a.bindec_inst_a           |    <0.001 |
|             bindec_b.bindec_inst_b           |    <0.001 |
|             has_mux_b.B                      |    <0.001 |
|             ramloop[0].ram.r                 |     0.002 |
|               prim_noinit.ram                |     0.002 |
|             ramloop[1].ram.r                 |    <0.001 |
|               prim_noinit.ram                |    <0.001 |
|             ramloop[2].ram.r                 |    <0.001 |
|               prim_noinit.ram                |    <0.001 |
|             ramloop[3].ram.r                 |    <0.001 |
|               prim_noinit.ram                |    <0.001 |
|             ramloop[4].ram.r                 |    <0.001 |
|               prim_noinit.ram                |    <0.001 |
|             ramloop[5].ram.r                 |    <0.001 |
|               prim_noinit.ram                |    <0.001 |
|             ramloop[6].ram.r                 |    <0.001 |
|               prim_noinit.ram                |    <0.001 |
|   BANDA_HL_3                                 |     0.002 |
|     U0                                       |     0.002 |
|       inst_blk_mem_gen                       |     0.002 |
|         gnbram.gnativebmg.native_blk_mem_gen |     0.002 |
|           valid.cstr                         |     0.002 |
|             bindec_a.bindec_inst_a           |    <0.001 |
|             bindec_b.bindec_inst_b           |    <0.001 |
|             has_mux_b.B                      |    <0.001 |
|             ramloop[0].ram.r                 |     0.002 |
|               prim_noinit.ram                |     0.002 |
|             ramloop[1].ram.r                 |    <0.001 |
|               prim_noinit.ram                |    <0.001 |
|             ramloop[2].ram.r                 |    <0.001 |
|               prim_noinit.ram                |    <0.001 |
|             ramloop[3].ram.r                 |    <0.001 |
|               prim_noinit.ram                |    <0.001 |
|             ramloop[4].ram.r                 |    <0.001 |
|               prim_noinit.ram                |    <0.001 |
|             ramloop[5].ram.r                 |    <0.001 |
|               prim_noinit.ram                |    <0.001 |
|             ramloop[6].ram.r                 |    <0.001 |
|               prim_noinit.ram                |    <0.001 |
|   BANDA_LH_2                                 |     0.002 |
|     U0                                       |     0.002 |
|       inst_blk_mem_gen                       |     0.002 |
|         gnbram.gnativebmg.native_blk_mem_gen |     0.002 |
|           valid.cstr                         |     0.002 |
|             bindec_a.bindec_inst_a           |    <0.001 |
|             bindec_b.bindec_inst_b           |    <0.001 |
|             has_mux_b.B                      |    <0.001 |
|             ramloop[0].ram.r                 |     0.002 |
|               prim_noinit.ram                |     0.002 |
|             ramloop[1].ram.r                 |    <0.001 |
|               prim_noinit.ram                |    <0.001 |
|             ramloop[2].ram.r                 |    <0.001 |
|               prim_noinit.ram                |    <0.001 |
|             ramloop[3].ram.r                 |    <0.001 |
|               prim_noinit.ram                |    <0.001 |
|             ramloop[4].ram.r                 |    <0.001 |
|               prim_noinit.ram                |    <0.001 |
|             ramloop[5].ram.r                 |    <0.001 |
|               prim_noinit.ram                |    <0.001 |
|             ramloop[6].ram.r                 |    <0.001 |
|               prim_noinit.ram                |    <0.001 |
|   BANDA_LH_3                                 |     0.003 |
|     U0                                       |     0.003 |
|       inst_blk_mem_gen                       |     0.003 |
|         gnbram.gnativebmg.native_blk_mem_gen |     0.003 |
|           valid.cstr                         |     0.003 |
|             bindec_a.bindec_inst_a           |    <0.001 |
|             bindec_b.bindec_inst_b           |    <0.001 |
|             has_mux_b.B                      |    <0.001 |
|             ramloop[0].ram.r                 |     0.002 |
|               prim_noinit.ram                |     0.002 |
|             ramloop[1].ram.r                 |    <0.001 |
|               prim_noinit.ram                |    <0.001 |
|             ramloop[2].ram.r                 |    <0.001 |
|               prim_noinit.ram                |    <0.001 |
|             ramloop[3].ram.r                 |    <0.001 |
|               prim_noinit.ram                |    <0.001 |
|             ramloop[4].ram.r                 |    <0.001 |
|               prim_noinit.ram                |    <0.001 |
|             ramloop[5].ram.r                 |    <0.001 |
|               prim_noinit.ram                |    <0.001 |
|             ramloop[6].ram.r                 |    <0.001 |
|               prim_noinit.ram                |    <0.001 |
|   BANDA_LL_2                                 |     0.002 |
|     U0                                       |     0.002 |
|       inst_blk_mem_gen                       |     0.002 |
|         gnbram.gnativebmg.native_blk_mem_gen |     0.002 |
|           valid.cstr                         |     0.002 |
|             bindec_a.bindec_inst_a           |    <0.001 |
|             bindec_b.bindec_inst_b           |    <0.001 |
|             has_mux_b.B                      |    <0.001 |
|             ramloop[0].ram.r                 |     0.002 |
|               prim_noinit.ram                |     0.002 |
|             ramloop[1].ram.r                 |    <0.001 |
|               prim_noinit.ram                |    <0.001 |
|             ramloop[2].ram.r                 |    <0.001 |
|               prim_noinit.ram                |    <0.001 |
|             ramloop[3].ram.r                 |    <0.001 |
|               prim_noinit.ram                |    <0.001 |
|             ramloop[4].ram.r                 |    <0.001 |
|               prim_noinit.ram                |    <0.001 |
|             ramloop[5].ram.r                 |    <0.001 |
|               prim_noinit.ram                |    <0.001 |
|             ramloop[6].ram.r                 |    <0.001 |
|               prim_noinit.ram                |    <0.001 |
|   BANDA_LL_3                                 |     0.002 |
|     U0                                       |     0.002 |
|       inst_blk_mem_gen                       |     0.002 |
|         gnbram.gnativebmg.native_blk_mem_gen |     0.002 |
|           valid.cstr                         |     0.002 |
|             bindec_a.bindec_inst_a           |    <0.001 |
|             bindec_b.bindec_inst_b           |    <0.001 |
|             has_mux_b.B                      |    <0.001 |
|             ramloop[0].ram.r                 |     0.002 |
|               prim_noinit.ram                |     0.002 |
|             ramloop[1].ram.r                 |    <0.001 |
|               prim_noinit.ram                |    <0.001 |
|             ramloop[2].ram.r                 |    <0.001 |
|               prim_noinit.ram                |    <0.001 |
|             ramloop[3].ram.r                 |    <0.001 |
|               prim_noinit.ram                |    <0.001 |
|             ramloop[4].ram.r                 |    <0.001 |
|               prim_noinit.ram                |    <0.001 |
|             ramloop[5].ram.r                 |    <0.001 |
|               prim_noinit.ram                |    <0.001 |
|             ramloop[6].ram.r                 |    <0.001 |
|               prim_noinit.ram                |    <0.001 |
|   DECODER                                    |     0.005 |
|   HAAR_INV                                   |     0.002 |
|   MEMORIA_A0                                 |     0.002 |
|     U0                                       |     0.002 |
|       inst_blk_mem_gen                       |     0.002 |
|         gnbram.gnativebmg.native_blk_mem_gen |     0.002 |
|           valid.cstr                         |     0.002 |
|             bindec_a.bindec_inst_a           |    <0.001 |
|             bindec_b.bindec_inst_b           |    <0.001 |
|             has_mux_b.B                      |    <0.001 |
|             ramloop[0].ram.r                 |     0.002 |
|               prim_noinit.ram                |     0.002 |
|             ramloop[1].ram.r                 |    <0.001 |
|               prim_noinit.ram                |    <0.001 |
|             ramloop[2].ram.r                 |    <0.001 |
|               prim_noinit.ram                |    <0.001 |
|             ramloop[3].ram.r                 |    <0.001 |
|               prim_noinit.ram                |    <0.001 |
|             ramloop[4].ram.r                 |    <0.001 |
|               prim_noinit.ram                |    <0.001 |
|             ramloop[5].ram.r                 |    <0.001 |
|               prim_noinit.ram                |    <0.001 |
|             ramloop[6].ram.r                 |    <0.001 |
|               prim_noinit.ram                |    <0.001 |
|   MEMORIA_A0_2                               |     0.002 |
|     U0                                       |     0.002 |
|       inst_blk_mem_gen                       |     0.002 |
|         gnbram.gnativebmg.native_blk_mem_gen |     0.002 |
|           valid.cstr                         |     0.002 |
|             bindec_a.bindec_inst_a           |     0.000 |
|             bindec_b.bindec_inst_b           |    <0.001 |
|             has_mux_b.B                      |    <0.001 |
|             ramloop[0].ram.r                 |     0.002 |
|               prim_noinit.ram                |     0.002 |
|             ramloop[1].ram.r                 |    <0.001 |
|               prim_noinit.ram                |    <0.001 |
|             ramloop[2].ram.r                 |    <0.001 |
|               prim_noinit.ram                |    <0.001 |
|             ramloop[3].ram.r                 |    <0.001 |
|               prim_noinit.ram                |    <0.001 |
|             ramloop[4].ram.r                 |    <0.001 |
|               prim_noinit.ram                |    <0.001 |
|             ramloop[5].ram.r                 |    <0.001 |
|               prim_noinit.ram                |    <0.001 |
|             ramloop[6].ram.r                 |    <0.001 |
|               prim_noinit.ram                |    <0.001 |
|   MEMORIA_A0_REC_2                           |     0.003 |
|     U0                                       |     0.003 |
|       inst_blk_mem_gen                       |     0.003 |
|         gnbram.gnativebmg.native_blk_mem_gen |     0.003 |
|           valid.cstr                         |     0.003 |
|             bindec_a.bindec_inst_a           |    <0.001 |
|             bindec_b.bindec_inst_b           |    <0.001 |
|             has_mux_b.B                      |    <0.001 |
|             ramloop[0].ram.r                 |     0.002 |
|               prim_noinit.ram                |     0.002 |
|             ramloop[1].ram.r                 |    <0.001 |
|               prim_noinit.ram                |    <0.001 |
|             ramloop[2].ram.r                 |    <0.001 |
|               prim_noinit.ram                |    <0.001 |
|             ramloop[3].ram.r                 |    <0.001 |
|               prim_noinit.ram                |    <0.001 |
|             ramloop[4].ram.r                 |    <0.001 |
|               prim_noinit.ram                |    <0.001 |
|             ramloop[5].ram.r                 |    <0.001 |
|               prim_noinit.ram                |    <0.001 |
|             ramloop[6].ram.r                 |    <0.001 |
|               prim_noinit.ram                |    <0.001 |
|   MEMORIA_A1                                 |     0.002 |
|     U0                                       |     0.002 |
|       inst_blk_mem_gen                       |     0.002 |
|         gnbram.gnativebmg.native_blk_mem_gen |     0.002 |
|           valid.cstr                         |     0.002 |
|             bindec_a.bindec_inst_a           |    <0.001 |
|             bindec_b.bindec_inst_b           |    <0.001 |
|             has_mux_b.B                      |    <0.001 |
|             ramloop[0].ram.r                 |     0.002 |
|               prim_noinit.ram                |     0.002 |
|             ramloop[1].ram.r                 |    <0.001 |
|               prim_noinit.ram                |    <0.001 |
|             ramloop[2].ram.r                 |    <0.001 |
|               prim_noinit.ram                |    <0.001 |
|             ramloop[3].ram.r                 |    <0.001 |
|               prim_noinit.ram                |    <0.001 |
|             ramloop[4].ram.r                 |    <0.001 |
|               prim_noinit.ram                |    <0.001 |
|             ramloop[5].ram.r                 |    <0.001 |
|               prim_noinit.ram                |    <0.001 |
|             ramloop[6].ram.r                 |    <0.001 |
|               prim_noinit.ram                |    <0.001 |
|   MEMORIA_A1_2                               |     0.002 |
|     U0                                       |     0.002 |
|       inst_blk_mem_gen                       |     0.002 |
|         gnbram.gnativebmg.native_blk_mem_gen |     0.002 |
|           valid.cstr                         |     0.002 |
|             bindec_a.bindec_inst_a           |     0.000 |
|             bindec_b.bindec_inst_b           |    <0.001 |
|             has_mux_b.B                      |    <0.001 |
|             ramloop[0].ram.r                 |     0.002 |
|               prim_noinit.ram                |     0.002 |
|             ramloop[1].ram.r                 |    <0.001 |
|               prim_noinit.ram                |    <0.001 |
|             ramloop[2].ram.r                 |    <0.001 |
|               prim_noinit.ram                |    <0.001 |
|             ramloop[3].ram.r                 |    <0.001 |
|               prim_noinit.ram                |    <0.001 |
|             ramloop[4].ram.r                 |    <0.001 |
|               prim_noinit.ram                |    <0.001 |
|             ramloop[5].ram.r                 |    <0.001 |
|               prim_noinit.ram                |    <0.001 |
|             ramloop[6].ram.r                 |    <0.001 |
|               prim_noinit.ram                |    <0.001 |
|   MEMORIA_A1_REC                             |     0.003 |
|     U0                                       |     0.003 |
|       inst_blk_mem_gen                       |     0.003 |
|         gnbram.gnativebmg.native_blk_mem_gen |     0.003 |
|           valid.cstr                         |     0.003 |
|             bindec_a.bindec_inst_a           |    <0.001 |
|             bindec_b.bindec_inst_b           |    <0.001 |
|             has_mux_b.B                      |    <0.001 |
|             ramloop[0].ram.r                 |     0.002 |
|               prim_noinit.ram                |     0.002 |
|             ramloop[1].ram.r                 |    <0.001 |
|               prim_noinit.ram                |    <0.001 |
|             ramloop[2].ram.r                 |    <0.001 |
|               prim_noinit.ram                |    <0.001 |
|             ramloop[3].ram.r                 |    <0.001 |
|               prim_noinit.ram                |    <0.001 |
|             ramloop[4].ram.r                 |    <0.001 |
|               prim_noinit.ram                |    <0.001 |
|             ramloop[5].ram.r                 |    <0.001 |
|               prim_noinit.ram                |    <0.001 |
|             ramloop[6].ram.r                 |    <0.001 |
|               prim_noinit.ram                |    <0.001 |
|   MEMORIA_A2                                 |     0.002 |
|     U0                                       |     0.002 |
|       inst_blk_mem_gen                       |     0.002 |
|         gnbram.gnativebmg.native_blk_mem_gen |     0.002 |
|           valid.cstr                         |     0.002 |
|             bindec_a.bindec_inst_a           |    <0.001 |
|             bindec_b.bindec_inst_b           |    <0.001 |
|             has_mux_b.B                      |    <0.001 |
|             ramloop[0].ram.r                 |     0.002 |
|               prim_noinit.ram                |     0.002 |
|             ramloop[1].ram.r                 |    <0.001 |
|               prim_noinit.ram                |    <0.001 |
|             ramloop[2].ram.r                 |    <0.001 |
|               prim_noinit.ram                |    <0.001 |
|             ramloop[3].ram.r                 |    <0.001 |
|               prim_noinit.ram                |    <0.001 |
|             ramloop[4].ram.r                 |    <0.001 |
|               prim_noinit.ram                |    <0.001 |
|             ramloop[5].ram.r                 |    <0.001 |
|               prim_noinit.ram                |    <0.001 |
|             ramloop[6].ram.r                 |    <0.001 |
|               prim_noinit.ram                |    <0.001 |
|   MEMORIA_A2_2                               |     0.002 |
|     U0                                       |     0.002 |
|       inst_blk_mem_gen                       |     0.002 |
|         gnbram.gnativebmg.native_blk_mem_gen |     0.002 |
|           valid.cstr                         |     0.002 |
|             bindec_a.bindec_inst_a           |    <0.001 |
|             bindec_b.bindec_inst_b           |    <0.001 |
|             has_mux_b.B                      |    <0.001 |
|             ramloop[0].ram.r                 |     0.002 |
|               prim_noinit.ram                |     0.002 |
|             ramloop[1].ram.r                 |    <0.001 |
|               prim_noinit.ram                |    <0.001 |
|             ramloop[2].ram.r                 |    <0.001 |
|               prim_noinit.ram                |    <0.001 |
|             ramloop[3].ram.r                 |    <0.001 |
|               prim_noinit.ram                |    <0.001 |
|             ramloop[4].ram.r                 |    <0.001 |
|               prim_noinit.ram                |    <0.001 |
|             ramloop[5].ram.r                 |    <0.001 |
|               prim_noinit.ram                |    <0.001 |
|             ramloop[6].ram.r                 |    <0.001 |
|               prim_noinit.ram                |    <0.001 |
|   MEMORIA_A2_REC                             |     0.003 |
|     U0                                       |     0.003 |
|       inst_blk_mem_gen                       |     0.003 |
|         gnbram.gnativebmg.native_blk_mem_gen |     0.003 |
|           valid.cstr                         |     0.003 |
|             bindec_a.bindec_inst_a           |    <0.001 |
|             bindec_b.bindec_inst_b           |    <0.001 |
|             has_mux_b.B                      |    <0.001 |
|             ramloop[0].ram.r                 |     0.002 |
|               prim_noinit.ram                |     0.002 |
|             ramloop[1].ram.r                 |    <0.001 |
|               prim_noinit.ram                |    <0.001 |
|             ramloop[2].ram.r                 |    <0.001 |
|               prim_noinit.ram                |    <0.001 |
|             ramloop[3].ram.r                 |    <0.001 |
|               prim_noinit.ram                |    <0.001 |
|             ramloop[4].ram.r                 |    <0.001 |
|               prim_noinit.ram                |    <0.001 |
|             ramloop[5].ram.r                 |    <0.001 |
|               prim_noinit.ram                |    <0.001 |
|             ramloop[6].ram.r                 |    <0.001 |
|               prim_noinit.ram                |    <0.001 |
|   MEMORIA_A3                                 |     0.002 |
|     U0                                       |     0.002 |
|       inst_blk_mem_gen                       |     0.002 |
|         gnbram.gnativebmg.native_blk_mem_gen |     0.002 |
|           valid.cstr                         |     0.002 |
|             bindec_a.bindec_inst_a           |    <0.001 |
|             bindec_b.bindec_inst_b           |    <0.001 |
|             has_mux_b.B                      |    <0.001 |
|             ramloop[0].ram.r                 |     0.002 |
|               prim_noinit.ram                |     0.002 |
|             ramloop[1].ram.r                 |    <0.001 |
|               prim_noinit.ram                |    <0.001 |
|             ramloop[2].ram.r                 |    <0.001 |
|               prim_noinit.ram                |    <0.001 |
|             ramloop[3].ram.r                 |    <0.001 |
|               prim_noinit.ram                |    <0.001 |
|             ramloop[4].ram.r                 |    <0.001 |
|               prim_noinit.ram                |    <0.001 |
|             ramloop[5].ram.r                 |    <0.001 |
|               prim_noinit.ram                |    <0.001 |
|             ramloop[6].ram.r                 |    <0.001 |
|               prim_noinit.ram                |    <0.001 |
|   MEMORIA_A3_2                               |     0.002 |
|     U0                                       |     0.002 |
|       inst_blk_mem_gen                       |     0.002 |
|         gnbram.gnativebmg.native_blk_mem_gen |     0.002 |
|           valid.cstr                         |     0.002 |
|             bindec_a.bindec_inst_a           |    <0.001 |
|             bindec_b.bindec_inst_b           |    <0.001 |
|             has_mux_b.B                      |    <0.001 |
|             ramloop[0].ram.r                 |     0.002 |
|               prim_noinit.ram                |     0.002 |
|             ramloop[1].ram.r                 |    <0.001 |
|               prim_noinit.ram                |    <0.001 |
|             ramloop[2].ram.r                 |    <0.001 |
|               prim_noinit.ram                |    <0.001 |
|             ramloop[3].ram.r                 |    <0.001 |
|               prim_noinit.ram                |    <0.001 |
|             ramloop[4].ram.r                 |    <0.001 |
|               prim_noinit.ram                |    <0.001 |
|             ramloop[5].ram.r                 |    <0.001 |
|               prim_noinit.ram                |    <0.001 |
|             ramloop[6].ram.r                 |    <0.001 |
|               prim_noinit.ram                |    <0.001 |
|   MEMORIA_A3_REC                             |     0.003 |
|     U0                                       |     0.003 |
|       inst_blk_mem_gen                       |     0.003 |
|         gnbram.gnativebmg.native_blk_mem_gen |     0.003 |
|           valid.cstr                         |     0.003 |
|             bindec_a.bindec_inst_a           |    <0.001 |
|             bindec_b.bindec_inst_b           |    <0.001 |
|             has_mux_b.B                      |    <0.001 |
|             ramloop[0].ram.r                 |     0.002 |
|               prim_noinit.ram                |     0.002 |
|             ramloop[1].ram.r                 |    <0.001 |
|               prim_noinit.ram                |    <0.001 |
|             ramloop[2].ram.r                 |    <0.001 |
|               prim_noinit.ram                |    <0.001 |
|             ramloop[3].ram.r                 |    <0.001 |
|               prim_noinit.ram                |    <0.001 |
|             ramloop[4].ram.r                 |    <0.001 |
|               prim_noinit.ram                |    <0.001 |
|             ramloop[5].ram.r                 |    <0.001 |
|               prim_noinit.ram                |    <0.001 |
|             ramloop[6].ram.r                 |    <0.001 |
|               prim_noinit.ram                |    <0.001 |
|   TRANSFORMADA_DE_HAAR                       |     0.004 |
|   clk_div_ss_display                         |    <0.001 |
|   display_mux_inst                           |    <0.001 |
|   u32_to_bcd_inst                            |     0.002 |
|   uart_basic_inst                            |     0.001 |
|     baud8_tick_blk                           |    <0.001 |
|     baud_tick_blk                            |    <0.001 |
|     uart_rx_blk                              |    <0.001 |
|       rx_sync_inst                           |    <0.001 |
|     uart_tx_blk                              |    <0.001 |
+----------------------------------------------+-----------+


